{
  "RSpec": {
    "coverage": {
      "/mnt/c/Users/João/Desktop/nav/Git/Workplace/cookbook-projeto-solo/app/models/user.rb": [
        1,
        null,
        null,
        1,
        null,
        null,
        1,
        null
      ],
      "/mnt/c/Users/João/Desktop/nav/Git/Workplace/cookbook-projeto-solo/app/models/application_record.rb": [
        1,
        1,
        null
      ],
      "/mnt/c/Users/João/Desktop/nav/Git/Workplace/cookbook-projeto-solo/app/controllers/recipes_controller.rb": [
        1,
        null,
        1,
        1,
        null,
        1,
        33,
        null,
        null,
        1,
        4,
        null,
        null,
        1,
        null,
        1,
        3,
        3,
        null,
        3,
        2,
        2,
        null,
        1,
        1,
        null,
        null,
        null,
        1,
        null,
        1,
        2,
        1,
        null,
        1,
        1,
        null,
        null,
        null,
        1,
        3,
        3,
        1,
        null,
        null,
        null,
        1,
        1,
        null,
        null,
        1,
        null,
        1,
        5,
        null,
        null,
        null,
        1,
        11,
        null,
        null,
        1,
        11,
        null,
        null,
        null
      ],
      "/mnt/c/Users/João/Desktop/nav/Git/Workplace/cookbook-projeto-solo/app/controllers/application_controller.rb": [
        1,
        null
      ],
      "/mnt/c/Users/João/Desktop/nav/Git/Workplace/cookbook-projeto-solo/app/models/recipe.rb": [
        1,
        1,
        1,
        null,
        1,
        null,
        1,
        23,
        null,
        null,
        1,
        null,
        1,
        null,
        null
      ],
      "/mnt/c/Users/João/Desktop/nav/Git/Workplace/cookbook-projeto-solo/app/controllers/recipe_types_controller.rb": [
        1,
        null,
        1,
        4,
        null,
        null,
        1,
        4,
        4,
        2,
        2,
        null,
        2,
        2,
        null,
        null,
        null,
        1,
        2,
        null,
        null,
        null
      ],
      "/mnt/c/Users/João/Desktop/nav/Git/Workplace/cookbook-projeto-solo/app/models/recipe_type.rb": [
        1,
        1,
        null,
        1,
        1,
        null
      ],
      "/mnt/c/Users/João/Desktop/nav/Git/Workplace/cookbook-projeto-solo/app/controllers/users_controller.rb": [
        0,
        null,
        0
      ]
    },
    "timestamp": 1567885186
  }
}
